12:12:12 **** Build of configuration Release for project SpaceGameExample ****
python /Users/ahmed/Documents/Cocos2d-x/SpaceGame/SpaceGameExample/proj.android/build_native.py -b release all 
Android NDK: WARNING: APP_PLATFORM android-15 is larger than android:minSdkVersion 9 in ./AndroidManifest.xml    
make: Entering directory `/Users/ahmed/Documents/Cocos2d-x/SpaceGame/SpaceGameExample/proj.android'
[armeabi] Compile++ thumb: cocostudio_static <= WidgetReader.cpp
[armeabi] Compile++ thumb: cocostudio_static <= FlatBuffersSerialize.cpp
[armeabi] Compile++ thumb: cocostudio_static <= WidgetCallBackHandlerProtocol.cpp
[armeabi] Compile++ thumb: cocos_ui_static <= UILayoutComponent.cpp
[armeabi] Compile++ thumb: cocos2dcpp_shared <= main.cpp
[armeabi] Compile++ thumb: cocos2dcpp_shared <= AppDelegate.cpp
[armeabi] Compile++ thumb: cocos2dcpp_shared <= HelloWorldScene.cpp
[armeabi] Compile++ thumb: cocostudio_static <= CCActionFrame.cpp
jni/../../cocos2d/cocos/editor-support/cocostudio/FlatBuffersSerialize.cpp: In member function 'std::string cocostudio::FlatBuffersSerialize::serializeFlatBuffersWithXMLFile(const string&, const string&)':
jni/../../cocos2d/cocos/editor-support/cocostudio/FlatBuffersSerialize.cpp:153:93: warning: 'virtual unsigned char* cocos2d::FileUtils::getFileData(const string&, const char*, ssize_t*)' is deprecated (declared at jni/../../cocos2d/cocos/./platform/CCFileUtils.h:101) [-Wdeprecated-declarations]
     std::string content =(char*)FileUtils::getInstance()->getFileData(inFullpath, "r", &size);
                                                                                             ^
jni/../../cocos2d/cocos/editor-support/cocostudio/FlatBuffersSerialize.cpp: In member function 'flatbuffers::FlatBufferBuilder* cocostudio::FlatBuffersSerialize::createFlatBuffersWithXMLFileForSimulator(const string&)':
jni/../../cocos2d/cocos/editor-support/cocostudio/FlatBuffersSerialize.cpp:974:93: warning: 'virtual unsigned char* cocos2d::FileUtils::getFileData(const string&, const char*, ssize_t*)' is deprecated (declared at jni/../../cocos2d/cocos/./platform/CCFileUtils.h:101) [-Wdeprecated-declarations]
     std::string content =(char*)FileUtils::getInstance()->getFileData(inFullpath, "r", &size);
                                                                                             ^
[armeabi] Compile++ thumb: cocostudio_static <= CCActionFrameEasing.cpp
[armeabi] Compile++ thumb: cocostudio_static <= CCActionManagerEx.cpp
[armeabi] Compile++ thumb: cocostudio_static <= CCActionNode.cpp
[armeabi] Compile++ thumb: cocostudio_static <= CCActionObject.cpp
At global scope:
cc1plus: warning: unrecognized command line option "-Wno-extern-c-compat"
cc1plus: warning: unrecognized command line option "-Wno-extern-c-compat"
[armeabi] Compile++ thumb: cocostudio_static <= CCArmature.cpp
[armeabi] Compile++ thumb: cocostudio_static <= CCBone.cpp
[armeabi] Compile++ thumb: cocostudio_static <= CCArmatureAnimation.cpp
[armeabi] Compile++ thumb: cocostudio_static <= CCProcessBase.cpp
[armeabi] Compile++ thumb: cocostudio_static <= CCTween.cpp
[armeabi] Compile++ thumb: cocostudio_static <= CCDatas.cpp
[armeabi] Compile++ thumb: cocostudio_static <= CCBatchNode.cpp
[armeabi] Compile++ thumb: cocostudio_static <= CCDecorativeDisplay.cpp
[armeabi] Compile++ thumb: cocostudio_static <= CCDisplayFactory.cpp
[armeabi] Compile++ thumb: cocostudio_static <= CCDisplayManager.cpp
[armeabi] Compile++ thumb: cocostudio_static <= CCSkin.cpp
[armeabi] Compile++ thumb: cocostudio_static <= CCColliderDetector.cpp
[armeabi] Compile++ thumb: cocostudio_static <= CCArmatureDataManager.cpp
[armeabi] Compile++ thumb: cocostudio_static <= CCArmatureDefine.cpp
[armeabi] Compile++ thumb: cocostudio_static <= CCDataReaderHelper.cpp
[armeabi] Compile++ thumb: cocostudio_static <= CCSpriteFrameCacheHelper.cpp
[armeabi] Compile++ thumb: cocostudio_static <= CCTransformHelp.cpp
[armeabi] Compile++ thumb: cocostudio_static <= CCUtilMath.cpp
[armeabi] Compile++ thumb: cocostudio_static <= CCComAttribute.cpp
[armeabi] Compile++ thumb: cocostudio_static <= CCComAudio.cpp
[armeabi] Compile++ thumb: cocostudio_static <= CCComController.cpp
[armeabi] Compile++ thumb: cocostudio_static <= CCComRender.cpp
[armeabi] Compile++ thumb: cocostudio_static <= CCInputDelegate.cpp
[armeabi] Compile++ thumb: cocostudio_static <= DictionaryHelper.cpp
[armeabi] Compile++ thumb: cocostudio_static <= CCSGUIReader.cpp
[armeabi] Compile++ thumb: cocostudio_static <= CCSSceneReader.cpp
[armeabi] Compile++ thumb: cocostudio_static <= TriggerBase.cpp
[armeabi] Compile++ thumb: cocostudio_static <= TriggerMng.cpp
[armeabi] Compile++ thumb: cocostudio_static <= TriggerObj.cpp
[armeabi] Compile++ thumb: cocostudio_static <= CocoLoader.cpp
[armeabi] Compile++ thumb: cocostudio_static <= NodeReader.cpp
[armeabi] Compile++ thumb: cocostudio_static <= SingleNodeReader.cpp
[armeabi] Compile++ thumb: cocostudio_static <= SpriteReader.cpp
[armeabi] Compile++ thumb: cocostudio_static <= ParticleReader.cpp
[armeabi] Compile++ thumb: cocostudio_static <= GameMapReader.cpp
[armeabi] Compile++ thumb: cocostudio_static <= ProjectNodeReader.cpp
[armeabi] Compile++ thumb: cocostudio_static <= ComAudioReader.cpp
[armeabi] Compile++ thumb: cocostudio_static <= ButtonReader.cpp
[armeabi] Compile++ thumb: cocostudio_static <= CheckBoxReader.cpp
[armeabi] Compile++ thumb: cocostudio_static <= ImageViewReader.cpp
[armeabi] Compile++ thumb: cocostudio_static <= LayoutReader.cpp
[armeabi] Compile++ thumb: cocostudio_static <= ListViewReader.cpp
[armeabi] Compile++ thumb: cocostudio_static <= LoadingBarReader.cpp
[armeabi] Compile++ thumb: cocostudio_static <= PageViewReader.cpp
[armeabi] Compile++ thumb: cocostudio_static <= ScrollViewReader.cpp
[armeabi] Compile++ thumb: cocostudio_static <= SliderReader.cpp
[armeabi] Compile++ thumb: cocostudio_static <= TextAtlasReader.cpp
[armeabi] Compile++ thumb: cocostudio_static <= TextBMFontReader.cpp
[armeabi] Compile++ thumb: cocostudio_static <= TextFieldReader.cpp
[armeabi] Compile++ thumb: cocostudio_static <= TextReader.cpp
[armeabi] Compile++ thumb: cocostudio_static <= CCNodeReader.cpp
[armeabi] Compile++ thumb: cocostudio_static <= CCActionTimelineCache.cpp
[armeabi] Compile++ thumb: cocostudio_static <= CCFrame.cpp
[armeabi] Compile++ thumb: cocostudio_static <= CCTimeLine.cpp
[armeabi] Compile++ thumb: cocostudio_static <= CCActionTimeline.cpp
[armeabi] Compile++ thumb: cocostudio_static <= CSLoader.cpp
[armeabi] Compile++ thumb: cocosbuilder_static <= CCBAnimationManager.cpp
[armeabi] Compile++ thumb: cocosbuilder_static <= CCBFileLoader.cpp
[armeabi] Compile++ thumb: cocosbuilder_static <= CCBKeyframe.cpp
jni/../../cocos2d/cocos/editor-support/cocosbuilder/CCBAnimationManager.cpp: In member function 'cocos2d::ActionInterval* cocosbuilder::CCBAnimationManager::getEaseAction(cocos2d::ActionInterval*, cocosbuilder::CCBKeyframe::EasingType, float)':
jni/../../cocos2d/cocos/editor-support/cocosbuilder/CCBAnimationManager.cpp:612:59: warning: format '%d' expects argument of type 'int', but argument 2 has type 'cocosbuilder::CCBKeyframe::EasingType' [-Wformat=]
         log("CCBReader: Unkown easing type %d", easingType);
                                                           ^
[armeabi] Compile++ thumb: cocosbuilder_static <= CCBReader.cpp
[armeabi] Compile++ thumb: cocosbuilder_static <= CCBSequence.cpp
[armeabi] Compile++ thumb: cocosbuilder_static <= CCBSequenceProperty.cpp
[armeabi] Compile++ thumb: cocosbuilder_static <= CCControlButtonLoader.cpp
[armeabi] Compile++ thumb: cocosbuilder_static <= CCControlLoader.cpp
At global scope:
cc1plus: warning: unrecognized command line option "-Wno-extern-c-compat"
cc1plus: warning: unrecognized command line option "-Wno-extern-c-compat"
[armeabi] Compile++ thumb: cocosbuilder_static <= CCLabelBMFontLoader.cpp
[armeabi] Compile++ thumb: cocosbuilder_static <= CCLabelTTFLoader.cpp
[armeabi] Compile++ thumb: cocosbuilder_static <= CCLayerColorLoader.cpp
[armeabi] Compile++ thumb: cocosbuilder_static <= CCLayerGradientLoader.cpp
[armeabi] Compile++ thumb: cocosbuilder_static <= CCLayerLoader.cpp
[armeabi] Compile++ thumb: cocosbuilder_static <= CCMenuItemImageLoader.cpp
[armeabi] Compile++ thumb: cocosbuilder_static <= CCMenuItemLoader.cpp
[armeabi] Compile++ thumb: cocosbuilder_static <= CCNode+CCBRelativePositioning.cpp
[armeabi] Compile++ thumb: cocosbuilder_static <= CCNodeLoader.cpp
[armeabi] Compile++ thumb: cocosbuilder_static <= CCNodeLoaderLibrary.cpp
[armeabi] Compile++ thumb: cocosbuilder_static <= CCParticleSystemQuadLoader.cpp
jni/../../cocos2d/cocos/editor-support/cocosbuilder/CCNode+CCBRelativePositioning.cpp:62:1: fatal error: opening dependency file ./obj/local/armeabi/objs/cocosbuilder_static/CCNode+CCBRelativePositioning.o.d: No such file or directory
compilation terminated.
make: *** [obj/local/armeabi/objs/cocosbuilder_static/CCNode+CCBRelativePositioning.o] Error 1
make: *** Waiting for unfinished jobs....
jni/../../cocos2d/cocos/editor-support/cocosbuilder/CCParticleSystemQuadLoader.cpp:140:1: fatal error: opening dependency file ./obj/local/armeabi/objs/cocosbuilder_static/CCParticleSystemQuadLoader.o.d: No such file or directory
compilation terminated.
make: *** [obj/local/armeabi/objs/cocosbuilder_static/CCParticleSystemQuadLoader.o] Error 1
jni/../../cocos2d/cocos/editor-support/cocosbuilder/CCNodeLoaderLibrary.cpp:105:1: fatal error: opening dependency file ./obj/local/armeabi/objs/cocosbuilder_static/CCNodeLoaderLibrary.o.d: No such file or directory
compilation terminated.
make: *** [obj/local/armeabi/objs/cocosbuilder_static/CCNodeLoaderLibrary.o] Error 1
In file included from jni/../../cocos2d/cocos/editor-support/cocosbuilder/CCNodeLoader.cpp:3:0:
jni/../../cocos2d/cocos/editor-support/cocosbuilder/CCNodeLoader.cpp: In member function 'virtual void cocosbuilder::NodeLoader::parseProperties(cocos2d::Node*, cocos2d::Node*, cocosbuilder::CCBReader*)':
jni/../../cocos2d/cocos/editor-support/cocosbuilder/CCNodeLoader.h:23:121: warning: format '%d' expects argument of type 'int', but argument 2 has type 'cocosbuilder::CCBReader::PropertyType' [-Wformat=]
jni/../../cocos2d/cocos/editor-support/cocosbuilder/CCNodeLoader.cpp:364:17: note: in expansion of macro 'ASSERT_FAIL_UNEXPECTED_PROPERTYTYPE'
jni/../../cocos2d/cocos/editor-support/cocosbuilder/CCNodeLoader.cpp: At global scope:
jni/../../cocos2d/cocos/editor-support/cocosbuilder/CCNodeLoader.cpp:1163:1: fatal error: opening dependency file ./obj/local/armeabi/objs/cocosbuilder_static/CCNodeLoader.o.d: No such file or directory
compilation terminated.
make: *** [obj/local/armeabi/objs/cocosbuilder_static/CCNodeLoader.o] Error 1
make: Leaving directory `/Users/ahmed/Documents/Cocos2d-x/SpaceGame/SpaceGameExample/proj.android'
Command canceled

12:14:23 Build Cancelled (took 2m:10s.560ms)

